100 1.22217
200 1.22217
300 1.22217
400 1.22217
500 1.22217
600 1.22217
700 1.22569
800 1.22569
900 1.22927
1000 1.22927
1100 1.22927
1200 1.22927
1300 1.22927
1400 1.22927
1500 1.22927
1600 1.22927
1700 1.22927
1800 1.22927
1900 1.22927
2000 1.22927
2100 1.22927
2200 1.22927
2300 1.22927
2400 1.22927
2500 1.22927
2600 1.22927
2700 1.22927
2800 1.22927
2900 1.22927
3000 1.22927
3100 1.22927
3200 1.22927
3300 1.22927
3400 1.22927
3500 1.22927
3600 1.22927
3700 1.22927
3800 1.22927
3900 1.22927
4000 1.22927
4100 1.22927
4200 1.22927
4300 1.22927
4400 1.22927
4500 1.22927
4600 1.22927
4700 1.22927
4800 1.22927
4900 1.22927
5000 1.22927
5100 1.22927
5200 1.22927
5300 1.22927
5400 1.22927
5500 1.22927
5600 1.22927
5700 1.22927
5800 1.22927
5900 1.22927
6000 1.22927
6100 1.22927
6200 1.22927
6300 1.22927
6400 1.22927
6500 1.22927
6600 1.22927
6700 1.22927
6800 1.22927
6900 1.22927
7000 1.22927
7100 1.22927
7200 1.22927
7300 1.22927
7400 1.22927
7500 1.22927
7600 1.22927
7700 1.22927
7800 1.22927
7900 1.22927
8000 1.22927
8100 1.22927
8200 1.22927
8300 1.22927
8400 1.22927
8500 1.22927
8600 1.22927
8700 1.22927
8800 1.22927
8900 1.22927
9000 1.22927
9100 1.22927
9200 1.22927
9300 1.22927
9400 1.22927
9500 1.22927
9600 1.22927
9700 1.22927
9800 1.22927
9900 1.22927
10000 1.22927
10100 1.22927
10200 1.22927
10300 1.22927
10400 1.22927
10500 1.22927
10600 1.22927
10700 1.22927
10800 1.22927
10900 1.22927
11000 1.22927
11100 1.22927
11200 1.22927
11300 1.22927
11400 1.22927
11500 1.22927
11600 1.22927
11700 1.22927
11800 1.22927
11900 1.22927
12000 1.22927
12100 1.22927
12200 1.22927
12300 1.22927
12400 1.22927
12500 1.22927
12600 1.22927
12700 1.22927
12800 1.22927
12900 1.22927
13000 1.22927
13100 1.22927
13200 1.22927
13300 1.22927
13400 1.22927
13500 1.22927
13600 1.22927
13700 1.22927
13800 1.22927
13900 1.22927
14000 1.22927
14100 1.22927
14200 1.22927
14300 1.22927
14400 1.22927
14500 1.22927
14600 1.22927
14700 1.22927
14800 1.22927
14900 1.22927
15000 1.22927
15100 1.22927
15200 1.22927
15300 1.22927
15400 1.22927
15500 1.22927
15600 1.22927
15700 1.22927
15800 1.22927
15900 1.22927
16000 1.22927
16100 1.22927
16200 1.22927
16300 1.22927
16400 1.22927
16500 1.22927
16600 1.22927
16700 1.22927
16800 1.22927
16900 1.22927
17000 1.22927
17100 1.22927
17200 1.22927
17300 1.22927
17400 1.22927
17500 1.22927
17600 1.22927
17700 1.22927
17800 1.22927
17900 1.22927
18000 1.22927
18100 1.22927
18200 1.22927
18300 1.22927
18400 1.22927
18500 1.22927
18600 1.22927
18700 1.22927
18800 1.22927
18900 1.22927
19000 1.22927
19100 1.22927
19200 1.22927
19300 1.22927
19400 1.22927
19500 1.22927
19600 1.22927
19700 1.22927
19800 1.22927
19900 1.22927
20000 1.22927
20100 1.22927
20200 1.22927
20300 1.22927
20400 1.22927
20500 1.22927
20600 1.22927
20700 1.22927
20800 1.22927
20900 1.22927
21000 1.22927
21100 1.22927
21200 1.22927
21300 1.22927
21400 1.22927
21500 1.22927
21600 1.22927
21700 1.22927
21800 1.22927
21900 1.22927
22000 1.22927
22100 1.22927
22200 1.22927
22300 1.22927
22400 1.22927
22500 1.22927
22600 1.22927
22700 1.22927
22800 1.22927
22900 1.22927
23000 1.22927
23100 1.22927
23200 1.22927
23300 1.22927
23400 1.22927
23500 1.22927
23600 1.22927
23700 1.22927
23800 1.22927
23900 1.22927
24000 1.22927
24100 1.22927
24200 1.22927
24300 1.22927
24400 1.22927
24500 1.22927
24600 1.22927
24700 1.22927
24800 1.22927
24900 1.22927
25000 1.22927
25100 1.22927
25200 1.22927
25300 1.22927
25400 1.22927
25500 1.22927
25600 1.22927
25700 1.22927
25800 1.22927
25900 1.22927
26000 1.22927
26100 1.22927
26200 1.22927
26300 1.22927
26400 1.22927
26500 1.22927
26600 1.22927
26700 1.22927
26800 1.22927
26900 1.22927
27000 1.22927
27100 1.22927
27200 1.22927
27300 1.22927
27400 1.22927
27500 1.22927
27600 1.22927
27700 1.22927
27800 1.22927
27900 1.22927
28000 1.22927
28100 1.22927
28200 1.22927
28300 1.22927
28400 1.22927
28500 1.22927
28600 1.22927
28700 1.22927
28800 1.22927
28900 1.22927
29000 1.22927
29100 1.22927
29200 1.22927
29300 1.22927
29400 1.22927
29500 1.22927
29600 1.22927
29700 1.22927
29800 1.22927
29900 1.22927
30000 1.22927
30100 1.22927
30200 1.22927
30300 1.22927
30400 1.22927
30500 1.22927
30600 1.22927
30700 1.22927
30800 1.22927
30900 1.22927
31000 1.22927
31100 1.22927
31200 1.22927
31300 1.22927
31400 1.22927
31500 1.22927
31600 1.22927
31700 1.22927
